TN:
SF:/Users/yulonglee/jslib/lonts/src/calc.ts
FN:9,add
FN:29,sub
FN:39,mul
FN:55,div
FNF:4
FNH:4
FNDA:6,add
FNDA:3,sub
FNDA:8,mul
FNDA:4,div
DA:10,6
DA:11,6
DA:12,6
DA:13,6
DA:15,6
DA:16,6
DA:17,6
DA:18,6
DA:20,6
DA:21,6
DA:30,3
DA:40,8
DA:41,8
DA:42,8
DA:43,8
DA:44,8
DA:45,8
DA:46,8
DA:47,8
DA:56,4
DA:57,4
DA:58,4
DA:59,4
DA:60,4
DA:61,4
DA:62,4
DA:63,4
DA:66,1
DA:67,1
LF:29
LH:29
BRDA:15,0,0,5
BRDA:15,0,1,1
BRDA:16,1,0,5
BRDA:16,1,1,1
BRDA:21,2,0,2
BRDA:21,2,1,4
BRDA:42,3,0,3
BRDA:42,3,1,5
BRDA:43,4,0,6
BRDA:43,4,1,2
BRDA:47,5,0,1
BRDA:47,5,1,7
BRDA:58,6,0,3
BRDA:58,6,1,1
BRDA:59,7,0,3
BRDA:59,7,1,1
BRDA:63,8,0,1
BRDA:63,8,1,3
BRF:18
BRH:18
end_of_record
TN:
SF:/Users/yulonglee/jslib/lonts/src/index.ts
FNF:0
FNH:0
DA:1,1
DA:2,1
LF:2
LH:2
BRF:0
BRH:0
end_of_record
