TN:
SF:/Users/yulonglee/jslib/lonts/src/calc.ts
FN:9,add
FN:29,sub
FN:39,mul
FN:55,div
FNF:4
FNH:4
FNDA:6,add
FNDA:3,sub
FNDA:8,mul
FNDA:4,div
DA:10,6
DA:11,6
DA:12,6
DA:13,6
DA:15,6
DA:16,6
DA:17,6
DA:18,6
DA:20,6
DA:21,6
DA:30,3
DA:40,8
DA:41,8
DA:42,8
DA:43,8
DA:44,8
DA:45,8
DA:46,8
DA:47,8
DA:56,4
DA:57,4
DA:58,4
DA:59,4
DA:60,4
DA:61,4
DA:62,4
DA:63,4
DA:66,1
DA:67,1
LF:29
LH:29
BRDA:15,0,0,5
BRDA:15,0,1,1
BRDA:16,1,0,5
BRDA:16,1,1,1
BRDA:21,2,0,2
BRDA:21,2,1,4
BRDA:42,3,0,3
BRDA:42,3,1,5
BRDA:43,4,0,6
BRDA:43,4,1,2
BRDA:47,5,0,1
BRDA:47,5,1,7
BRDA:58,6,0,3
BRDA:58,6,1,1
BRDA:59,7,0,3
BRDA:59,7,1,1
BRDA:63,8,0,1
BRDA:63,8,1,3
BRF:18
BRH:18
end_of_record
TN:
SF:/Users/yulonglee/jslib/lonts/src/fmt.ts
FN:9,fmtDate
FN:39,fmtMoney
FNF:2
FNH:2
FNDA:3,fmtDate
FNDA:1,fmtMoney
DA:10,3
DA:11,3
DA:12,3
DA:21,3
DA:22,2
DA:24,3
DA:25,21
DA:26,12
DA:30,3
DA:39,2
DA:40,1
DA:41,1
DA:43,1
LF:13
LH:13
BRDA:10,0,0,3
BRDA:10,0,1,0
BRDA:11,1,0,3
BRDA:11,1,1,1
BRDA:21,2,0,2
BRDA:21,2,1,1
BRDA:25,3,0,12
BRDA:25,3,1,9
BRDA:26,4,0,0
BRDA:26,4,1,12
BRDA:39,5,0,1
BRDA:39,5,1,0
BRF:12
BRH:9
end_of_record
TN:
SF:/Users/yulonglee/jslib/lonts/src/index.ts
FNF:0
FNH:0
DA:1,1
DA:2,1
DA:3,1
DA:5,1
DA:6,1
LF:5
LH:5
BRF:0
BRH:0
end_of_record
TN:
SF:/Users/yulonglee/jslib/lonts/src/tools.ts
FN:9,encrypt
FNF:1
FNH:1
FNDA:2,encrypt
DA:9,3
DA:10,2
DA:11,2
DA:12,2
DA:14,1
LF:5
LH:5
BRDA:9,0,0,0
BRDA:9,0,1,2
BRDA:9,1,0,1
BRDA:9,1,1,1
BRDA:9,2,0,1
BRDA:9,2,1,1
BRF:6
BRH:5
end_of_record
